{"/Users/pedro/Documents/EAD/eng de software/EstacionamentoApp/src/constants.ts": {"path":"/Users/pedro/Documents/EAD/eng de software/EstacionamentoApp/src/constants.ts","statementMap":{"0":{"start":{"line":3,"column":50},"end":{"line":16,"column":1}}},"fnMap":{},"branchMap":{},"s":{"0":11},"f":{},"b":{},"_coverageSchema":"1a1c01bbd47fc00a2c39e90264f33305004495a9","hash":"eb65fc27da8f555a1b60e4fc5f853b14b2a0bbaa"}
,"/Users/pedro/Documents/EAD/eng de software/EstacionamentoApp/src/index.tsx": {"path":"/Users/pedro/Documents/EAD/eng de software/EstacionamentoApp/src/index.tsx","statementMap":{"0":{"start":{"line":7,"column":27},"end":{"line":15,"column":1}},"1":{"start":{"line":8,"column":2},"end":{"line":14,"column":4}}},"fnMap":{"0":{"name":"(anonymous_0)","decl":{"start":{"line":7,"column":27},"end":{"line":7,"column":28}},"loc":{"start":{"line":7,"column":33},"end":{"line":15,"column":1}},"line":7}},"branchMap":{},"s":{"0":0,"1":0},"f":{"0":0},"b":{}}
,"/Users/pedro/Documents/EAD/eng de software/EstacionamentoApp/src/api/index.tsx": {"path":"/Users/pedro/Documents/EAD/eng de software/EstacionamentoApp/src/api/index.tsx","statementMap":{"0":{"start":{"line":3,"column":12},"end":{"line":5,"column":2}},"1":{"start":{"line":7,"column":30},"end":{"line":9,"column":1}},"2":{"start":{"line":8,"column":2},"end":{"line":8,"column":39}},"3":{"start":{"line":11,"column":30},"end":{"line":11,"column":68}},"4":{"start":{"line":11,"column":42},"end":{"line":11,"column":68}},"5":{"start":{"line":13,"column":46},"end":{"line":18,"column":1}},"6":{"start":{"line":17,"column":2},"end":{"line":17,"column":56}},"7":{"start":{"line":20,"column":25},"end":{"line":20,"column":61}},"8":{"start":{"line":20,"column":37},"end":{"line":20,"column":61}},"9":{"start":{"line":22,"column":36},"end":{"line":23,"column":46}},"10":{"start":{"line":23,"column":2},"end":{"line":23,"column":46}}},"fnMap":{"0":{"name":"(anonymous_0)","decl":{"start":{"line":7,"column":30},"end":{"line":7,"column":31}},"loc":{"start":{"line":7,"column":42},"end":{"line":9,"column":1}},"line":7},"1":{"name":"(anonymous_1)","decl":{"start":{"line":11,"column":30},"end":{"line":11,"column":31}},"loc":{"start":{"line":11,"column":42},"end":{"line":11,"column":68}},"line":11},"2":{"name":"(anonymous_2)","decl":{"start":{"line":13,"column":46},"end":{"line":13,"column":47}},"loc":{"start":{"line":16,"column":5},"end":{"line":18,"column":1}},"line":16},"3":{"name":"(anonymous_3)","decl":{"start":{"line":20,"column":25},"end":{"line":20,"column":26}},"loc":{"start":{"line":20,"column":37},"end":{"line":20,"column":61}},"line":20},"4":{"name":"(anonymous_4)","decl":{"start":{"line":22,"column":36},"end":{"line":22,"column":37}},"loc":{"start":{"line":23,"column":2},"end":{"line":23,"column":46}},"line":23}},"branchMap":{},"s":{"0":0,"1":0,"2":0,"3":0,"4":0,"5":0,"6":0,"7":0,"8":0,"9":0,"10":0},"f":{"0":0,"1":0,"2":0,"3":0,"4":0},"b":{}}
,"/Users/pedro/Documents/EAD/eng de software/EstacionamentoApp/src/components/Button.tsx": {"path":"/Users/pedro/Documents/EAD/eng de software/EstacionamentoApp/src/components/Button.tsx","statementMap":{"0":{"start":{"line":10,"column":39},"end":{"line":19,"column":1}},"1":{"start":{"line":11,"column":2},"end":{"line":18,"column":4}},"2":{"start":{"line":21,"column":15},"end":{"line":36,"column":2}}},"fnMap":{"0":{"name":"(anonymous_0)","decl":{"start":{"line":10,"column":39},"end":{"line":10,"column":40}},"loc":{"start":{"line":10,"column":69},"end":{"line":19,"column":1}},"line":10}},"branchMap":{},"s":{"0":8,"1":26,"2":8},"f":{"0":26},"b":{},"_coverageSchema":"1a1c01bbd47fc00a2c39e90264f33305004495a9","hash":"1e8b39868b503c1ba7a3c49094d9c55e86f9f4a6"}
,"/Users/pedro/Documents/EAD/eng de software/EstacionamentoApp/src/components/Input.tsx": {"path":"/Users/pedro/Documents/EAD/eng de software/EstacionamentoApp/src/components/Input.tsx","statementMap":{"0":{"start":{"line":9,"column":37},"end":{"line":27,"column":1}},"1":{"start":{"line":16,"column":2},"end":{"line":26,"column":4}},"2":{"start":{"line":29,"column":15},"end":{"line":40,"column":2}}},"fnMap":{"0":{"name":"(anonymous_0)","decl":{"start":{"line":9,"column":37},"end":{"line":9,"column":38}},"loc":{"start":{"line":15,"column":6},"end":{"line":27,"column":1}},"line":15}},"branchMap":{"0":{"loc":{"start":{"line":10,"column":2},"end":{"line":10,"column":12}},"type":"default-arg","locations":[{"start":{"line":10,"column":10},"end":{"line":10,"column":12}}],"line":10}},"s":{"0":6,"1":65,"2":6},"f":{"0":65},"b":{"0":[36]},"_coverageSchema":"1a1c01bbd47fc00a2c39e90264f33305004495a9","hash":"f181096c8b36ea03a814edbfa4343adc8be293e3"}
,"/Users/pedro/Documents/EAD/eng de software/EstacionamentoApp/src/router/index.tsx": {"path":"/Users/pedro/Documents/EAD/eng de software/EstacionamentoApp/src/router/index.tsx","statementMap":{"0":{"start":{"line":32,"column":14},"end":{"line":32,"column":65}},"1":{"start":{"line":33,"column":15},"end":{"line":33,"column":38}},"2":{"start":{"line":35,"column":39},"end":{"line":46,"column":1}},"3":{"start":{"line":36,"column":2},"end":{"line":45,"column":4}},"4":{"start":{"line":48,"column":41},"end":{"line":55,"column":1}},"5":{"start":{"line":49,"column":2},"end":{"line":54,"column":4}},"6":{"start":{"line":57,"column":41},"end":{"line":64,"column":1}},"7":{"start":{"line":58,"column":2},"end":{"line":63,"column":4}},"8":{"start":{"line":66,"column":32},"end":{"line":82,"column":1}},"9":{"start":{"line":67,"column":17},"end":{"line":71,"column":4}},"10":{"start":{"line":73,"column":19},"end":{"line":73,"column":35}},"11":{"start":{"line":75,"column":2},"end":{"line":81,"column":4}},"12":{"start":{"line":78,"column":21},"end":{"line":78,"column":41}},"13":{"start":{"line":84,"column":29},"end":{"line":131,"column":1}},"14":{"start":{"line":85,"column":24},"end":{"line":87,"column":3}},"15":{"start":{"line":86,"column":13},"end":{"line":86,"column":47}},"16":{"start":{"line":89,"column":19},"end":{"line":95,"column":21}},"17":{"start":{"line":90,"column":4},"end":{"line":94,"column":5}},"18":{"start":{"line":91,"column":6},"end":{"line":91,"column":18}},"19":{"start":{"line":93,"column":6},"end":{"line":93,"column":19}},"20":{"start":{"line":97,"column":2},"end":{"line":130,"column":4}},"21":{"start":{"line":102,"column":31},"end":{"line":102,"column":44}}},"fnMap":{"0":{"name":"(anonymous_0)","decl":{"start":{"line":35,"column":39},"end":{"line":35,"column":40}},"loc":{"start":{"line":35,"column":45},"end":{"line":46,"column":1}},"line":35},"1":{"name":"(anonymous_1)","decl":{"start":{"line":48,"column":41},"end":{"line":48,"column":42}},"loc":{"start":{"line":48,"column":47},"end":{"line":55,"column":1}},"line":48},"2":{"name":"(anonymous_2)","decl":{"start":{"line":57,"column":41},"end":{"line":57,"column":42}},"loc":{"start":{"line":57,"column":47},"end":{"line":64,"column":1}},"line":57},"3":{"name":"(anonymous_3)","decl":{"start":{"line":66,"column":32},"end":{"line":66,"column":33}},"loc":{"start":{"line":66,"column":38},"end":{"line":82,"column":1}},"line":66},"4":{"name":"(anonymous_4)","decl":{"start":{"line":78,"column":15},"end":{"line":78,"column":16}},"loc":{"start":{"line":78,"column":21},"end":{"line":78,"column":41}},"line":78},"5":{"name":"(anonymous_5)","decl":{"start":{"line":84,"column":29},"end":{"line":84,"column":30}},"loc":{"start":{"line":84,"column":35},"end":{"line":131,"column":1}},"line":84},"6":{"name":"(anonymous_6)","decl":{"start":{"line":86,"column":4},"end":{"line":86,"column":5}},"loc":{"start":{"line":86,"column":13},"end":{"line":86,"column":47}},"line":86},"7":{"name":"(anonymous_7)","decl":{"start":{"line":89,"column":27},"end":{"line":89,"column":28}},"loc":{"start":{"line":89,"column":33},"end":{"line":95,"column":3}},"line":89},"8":{"name":"(anonymous_8)","decl":{"start":{"line":102,"column":25},"end":{"line":102,"column":26}},"loc":{"start":{"line":102,"column":31},"end":{"line":102,"column":44}},"line":102}},"branchMap":{"0":{"loc":{"start":{"line":90,"column":4},"end":{"line":94,"column":5}},"type":"if","locations":[{"start":{"line":90,"column":4},"end":{"line":94,"column":5}},{"start":{"line":92,"column":11},"end":{"line":94,"column":5}}],"line":90},"1":{"loc":{"start":{"line":99,"column":7},"end":{"line":128,"column":7}},"type":"cond-expr","locations":[{"start":{"line":100,"column":8},"end":{"line":123,"column":27}},{"start":{"line":125,"column":8},"end":{"line":127,"column":26}}],"line":99},"2":{"loc":{"start":{"line":106,"column":12},"end":{"line":115,"column":13}},"type":"binary-expr","locations":[{"start":{"line":106,"column":12},"end":{"line":106,"column":49}},{"start":{"line":107,"column":14},"end":{"line":114,"column":29}}],"line":106}},"s":{"0":0,"1":0,"2":0,"3":0,"4":0,"5":0,"6":0,"7":0,"8":0,"9":0,"10":0,"11":0,"12":0,"13":0,"14":0,"15":0,"16":0,"17":0,"18":0,"19":0,"20":0,"21":0},"f":{"0":0,"1":0,"2":0,"3":0,"4":0,"5":0,"6":0,"7":0,"8":0},"b":{"0":[0,0],"1":[0,0],"2":[0,0]}}
,"/Users/pedro/Documents/EAD/eng de software/EstacionamentoApp/src/store/index.ts": {"path":"/Users/pedro/Documents/EAD/eng de software/EstacionamentoApp/src/store/index.ts","statementMap":{"0":{"start":{"line":5,"column":21},"end":{"line":9,"column":2}},"1":{"start":{"line":14,"column":63},"end":{"line":14,"column":74}},"2":{"start":{"line":15,"column":30},"end":{"line":15,"column":62}},"3":{"start":{"line":15,"column":36},"end":{"line":15,"column":62}}},"fnMap":{"0":{"name":"(anonymous_0)","decl":{"start":{"line":15,"column":30},"end":{"line":15,"column":31}},"loc":{"start":{"line":15,"column":36},"end":{"line":15,"column":62}},"line":15}},"branchMap":{},"s":{"0":11,"1":11,"2":11,"3":26},"f":{"0":26},"b":{},"_coverageSchema":"1a1c01bbd47fc00a2c39e90264f33305004495a9","hash":"6fa9e1522afe097e86926d5a8624dc8f6279e768"}
,"/Users/pedro/Documents/EAD/eng de software/EstacionamentoApp/src/store/slices/estacionamento-slice.ts": {"path":"/Users/pedro/Documents/EAD/eng de software/EstacionamentoApp/src/store/slices/estacionamento-slice.ts","statementMap":{"0":{"start":{"line":18,"column":24},"end":{"line":81,"column":2}},"1":{"start":{"line":23,"column":6},"end":{"line":23,"column":60}},"2":{"start":{"line":26,"column":6},"end":{"line":30,"column":8}},"3":{"start":{"line":28,"column":41},"end":{"line":28,"column":60}},"4":{"start":{"line":29,"column":45},"end":{"line":29,"column":69}},"5":{"start":{"line":33,"column":23},"end":{"line":33,"column":59}},"6":{"start":{"line":34,"column":21},"end":{"line":42,"column":8}},"7":{"start":{"line":35,"column":8},"end":{"line":40,"column":9}},"8":{"start":{"line":36,"column":10},"end":{"line":39,"column":12}},"9":{"start":{"line":41,"column":8},"end":{"line":41,"column":21}},"10":{"start":{"line":43,"column":6},"end":{"line":43,"column":42}},"11":{"start":{"line":46,"column":23},"end":{"line":46,"column":72}},"12":{"start":{"line":46,"column":50},"end":{"line":46,"column":71}},"13":{"start":{"line":47,"column":23},"end":{"line":47,"column":24}},"14":{"start":{"line":48,"column":21},"end":{"line":57,"column":8}},"15":{"start":{"line":49,"column":8},"end":{"line":55,"column":9}},"16":{"start":{"line":50,"column":10},"end":{"line":50,"column":39}},"17":{"start":{"line":51,"column":10},"end":{"line":54,"column":12}},"18":{"start":{"line":56,"column":8},"end":{"line":56,"column":21}},"19":{"start":{"line":58,"column":6},"end":{"line":63,"column":8}},"20":{"start":{"line":66,"column":6},"end":{"line":66,"column":64}},"21":{"start":{"line":69,"column":6},"end":{"line":72,"column":8}},"22":{"start":{"line":71,"column":45},"end":{"line":71,"column":70}},"23":{"start":{"line":75,"column":6},"end":{"line":75,"column":48}},"24":{"start":{"line":78,"column":6},"end":{"line":78,"column":45}},"25":{"start":{"line":83,"column":34},"end":{"line":83,"column":49}},"26":{"start":{"line":94,"column":4},"end":{"line":94,"column":11}},"27":{"start":{"line":96,"column":36},"end":{"line":105,"column":1}},"28":{"start":{"line":97,"column":2},"end":{"line":104,"column":4}},"29":{"start":{"line":107,"column":37},"end":{"line":116,"column":1}},"30":{"start":{"line":108,"column":2},"end":{"line":115,"column":4}},"31":{"start":{"line":118,"column":30},"end":{"line":118,"column":77}},"32":{"start":{"line":118,"column":63},"end":{"line":118,"column":77}},"33":{"start":{"line":120,"column":46},"end":{"line":126,"column":1}},"34":{"start":{"line":125,"column":2},"end":{"line":125,"column":69}},"35":{"start":{"line":125,"column":28},"end":{"line":125,"column":67}},"36":{"start":{"line":128,"column":25},"end":{"line":128,"column":70}},"37":{"start":{"line":128,"column":58},"end":{"line":128,"column":70}},"38":{"start":{"line":130,"column":28},"end":{"line":131,"column":41}},"39":{"start":{"line":131,"column":2},"end":{"line":131,"column":41}},"40":{"start":{"line":131,"column":25},"end":{"line":131,"column":40}},"41":{"start":{"line":133,"column":34},"end":{"line":136,"column":65}},"42":{"start":{"line":136,"column":5},"end":{"line":136,"column":65}},"43":{"start":{"line":136,"column":38},"end":{"line":136,"column":64}},"44":{"start":{"line":138,"column":27},"end":{"line":140,"column":1}},"45":{"start":{"line":139,"column":2},"end":{"line":139,"column":76}},"46":{"start":{"line":139,"column":36},"end":{"line":139,"column":74}}},"fnMap":{"0":{"name":"(anonymous_0)","decl":{"start":{"line":22,"column":15},"end":{"line":22,"column":16}},"loc":{"start":{"line":22,"column":60},"end":{"line":24,"column":5}},"line":22},"1":{"name":"(anonymous_1)","decl":{"start":{"line":25,"column":18},"end":{"line":25,"column":19}},"loc":{"start":{"line":25,"column":63},"end":{"line":31,"column":5}},"line":25},"2":{"name":"(anonymous_2)","decl":{"start":{"line":28,"column":36},"end":{"line":28,"column":37}},"loc":{"start":{"line":28,"column":41},"end":{"line":28,"column":60}},"line":28},"3":{"name":"(anonymous_3)","decl":{"start":{"line":29,"column":40},"end":{"line":29,"column":41}},"loc":{"start":{"line":29,"column":45},"end":{"line":29,"column":69}},"line":29},"4":{"name":"(anonymous_4)","decl":{"start":{"line":32,"column":17},"end":{"line":32,"column":18}},"loc":{"start":{"line":32,"column":73},"end":{"line":44,"column":5}},"line":32},"5":{"name":"(anonymous_5)","decl":{"start":{"line":34,"column":38},"end":{"line":34,"column":39}},"loc":{"start":{"line":34,"column":47},"end":{"line":42,"column":7}},"line":34},"6":{"name":"(anonymous_6)","decl":{"start":{"line":45,"column":20},"end":{"line":45,"column":21}},"loc":{"start":{"line":45,"column":67},"end":{"line":64,"column":5}},"line":45},"7":{"name":"(anonymous_7)","decl":{"start":{"line":46,"column":45},"end":{"line":46,"column":46}},"loc":{"start":{"line":46,"column":50},"end":{"line":46,"column":71}},"line":46},"8":{"name":"(anonymous_8)","decl":{"start":{"line":48,"column":38},"end":{"line":48,"column":39}},"loc":{"start":{"line":48,"column":47},"end":{"line":57,"column":7}},"line":48},"9":{"name":"(anonymous_9)","decl":{"start":{"line":65,"column":17},"end":{"line":65,"column":18}},"loc":{"start":{"line":65,"column":64},"end":{"line":67,"column":5}},"line":65},"10":{"name":"(anonymous_10)","decl":{"start":{"line":68,"column":20},"end":{"line":68,"column":21}},"loc":{"start":{"line":68,"column":67},"end":{"line":73,"column":5}},"line":68},"11":{"name":"(anonymous_11)","decl":{"start":{"line":71,"column":40},"end":{"line":71,"column":41}},"loc":{"start":{"line":71,"column":45},"end":{"line":71,"column":70}},"line":71},"12":{"name":"(anonymous_12)","decl":{"start":{"line":74,"column":13},"end":{"line":74,"column":14}},"loc":{"start":{"line":74,"column":55},"end":{"line":76,"column":5}},"line":74},"13":{"name":"(anonymous_13)","decl":{"start":{"line":77,"column":14},"end":{"line":77,"column":15}},"loc":{"start":{"line":77,"column":23},"end":{"line":79,"column":5}},"line":77},"14":{"name":"(anonymous_14)","decl":{"start":{"line":96,"column":36},"end":{"line":96,"column":37}},"loc":{"start":{"line":96,"column":69},"end":{"line":105,"column":1}},"line":96},"15":{"name":"(anonymous_15)","decl":{"start":{"line":107,"column":37},"end":{"line":107,"column":38}},"loc":{"start":{"line":107,"column":70},"end":{"line":116,"column":1}},"line":107},"16":{"name":"(anonymous_16)","decl":{"start":{"line":118,"column":30},"end":{"line":118,"column":31}},"loc":{"start":{"line":118,"column":63},"end":{"line":118,"column":77}},"line":118},"17":{"name":"(anonymous_17)","decl":{"start":{"line":120,"column":46},"end":{"line":120,"column":47}},"loc":{"start":{"line":124,"column":5},"end":{"line":126,"column":1}},"line":124},"18":{"name":"(anonymous_18)","decl":{"start":{"line":125,"column":23},"end":{"line":125,"column":24}},"loc":{"start":{"line":125,"column":28},"end":{"line":125,"column":67}},"line":125},"19":{"name":"(anonymous_19)","decl":{"start":{"line":128,"column":25},"end":{"line":128,"column":26}},"loc":{"start":{"line":128,"column":58},"end":{"line":128,"column":70}},"line":128},"20":{"name":"(anonymous_20)","decl":{"start":{"line":130,"column":28},"end":{"line":130,"column":29}},"loc":{"start":{"line":131,"column":2},"end":{"line":131,"column":41}},"line":131},"21":{"name":"(anonymous_21)","decl":{"start":{"line":131,"column":20},"end":{"line":131,"column":21}},"loc":{"start":{"line":131,"column":25},"end":{"line":131,"column":40}},"line":131},"22":{"name":"(anonymous_22)","decl":{"start":{"line":133,"column":34},"end":{"line":133,"column":35}},"loc":{"start":{"line":136,"column":5},"end":{"line":136,"column":65}},"line":136},"23":{"name":"(anonymous_23)","decl":{"start":{"line":136,"column":27},"end":{"line":136,"column":28}},"loc":{"start":{"line":136,"column":38},"end":{"line":136,"column":64}},"line":136},"24":{"name":"(anonymous_24)","decl":{"start":{"line":138,"column":27},"end":{"line":138,"column":28}},"loc":{"start":{"line":138,"column":60},"end":{"line":140,"column":1}},"line":138},"25":{"name":"(anonymous_25)","decl":{"start":{"line":139,"column":31},"end":{"line":139,"column":32}},"loc":{"start":{"line":139,"column":36},"end":{"line":139,"column":74}},"line":139}},"branchMap":{"0":{"loc":{"start":{"line":35,"column":8},"end":{"line":40,"column":9}},"type":"if","locations":[{"start":{"line":35,"column":8},"end":{"line":40,"column":9}},{"start":{},"end":{}}],"line":35},"1":{"loc":{"start":{"line":49,"column":8},"end":{"line":55,"column":9}},"type":"if","locations":[{"start":{"line":49,"column":8},"end":{"line":55,"column":9}},{"start":{},"end":{}}],"line":49},"2":{"loc":{"start":{"line":125,"column":28},"end":{"line":125,"column":67}},"type":"binary-expr","locations":[{"start":{"line":125,"column":28},"end":{"line":125,"column":44}},{"start":{"line":125,"column":48},"end":{"line":125,"column":67}}],"line":125}},"s":{"0":11,"1":0,"2":0,"3":0,"4":0,"5":0,"6":0,"7":0,"8":0,"9":0,"10":0,"11":0,"12":0,"13":0,"14":0,"15":0,"16":0,"17":0,"18":0,"19":0,"20":2,"21":0,"22":0,"23":1,"24":0,"25":11,"26":11,"27":11,"28":1,"29":11,"30":1,"31":11,"32":9,"33":11,"34":2,"35":2,"36":11,"37":2,"38":11,"39":0,"40":0,"41":11,"42":1,"43":0,"44":11,"45":1,"46":1},"f":{"0":0,"1":0,"2":0,"3":0,"4":0,"5":0,"6":0,"7":0,"8":0,"9":2,"10":0,"11":0,"12":1,"13":0,"14":1,"15":1,"16":9,"17":2,"18":2,"19":2,"20":0,"21":0,"22":1,"23":0,"24":1,"25":1},"b":{"0":[0,0],"1":[0,0],"2":[2,1]},"_coverageSchema":"1a1c01bbd47fc00a2c39e90264f33305004495a9","hash":"34f0dc3214484203eb42bf57c39c47139f947a68"}
,"/Users/pedro/Documents/EAD/eng de software/EstacionamentoApp/src/views/login-view.tsx": {"path":"/Users/pedro/Documents/EAD/eng de software/EstacionamentoApp/src/views/login-view.tsx","statementMap":{"0":{"start":{"line":13,"column":32},"end":{"line":63,"column":1}},"1":{"start":{"line":14,"column":28},"end":{"line":14,"column":46}},"2":{"start":{"line":15,"column":28},"end":{"line":15,"column":46}},"3":{"start":{"line":17,"column":19},"end":{"line":20,"column":4}},"4":{"start":{"line":18,"column":18},"end":{"line":18,"column":48}},"5":{"start":{"line":19,"column":4},"end":{"line":19,"column":17}},"6":{"start":{"line":21,"column":19},"end":{"line":21,"column":35}},"7":{"start":{"line":23,"column":24},"end":{"line":36,"column":3}},"8":{"start":{"line":24,"column":4},"end":{"line":35,"column":5}},"9":{"start":{"line":25,"column":22},"end":{"line":29,"column":7}},"10":{"start":{"line":30,"column":6},"end":{"line":34,"column":7}},"11":{"start":{"line":31,"column":8},"end":{"line":31,"column":35}},"12":{"start":{"line":33,"column":8},"end":{"line":33,"column":58}},"13":{"start":{"line":38,"column":2},"end":{"line":62,"column":4}},"14":{"start":{"line":65,"column":24},"end":{"line":65,"column":48}},"15":{"start":{"line":67,"column":15},"end":{"line":85,"column":2}}},"fnMap":{"0":{"name":"(anonymous_0)","decl":{"start":{"line":13,"column":32},"end":{"line":13,"column":33}},"loc":{"start":{"line":13,"column":38},"end":{"line":63,"column":1}},"line":13},"1":{"name":"(anonymous_1)","decl":{"start":{"line":17,"column":34},"end":{"line":17,"column":35}},"loc":{"start":{"line":17,"column":56},"end":{"line":20,"column":3}},"line":17},"2":{"name":"(anonymous_2)","decl":{"start":{"line":23,"column":24},"end":{"line":23,"column":25}},"loc":{"start":{"line":23,"column":36},"end":{"line":36,"column":3}},"line":23}},"branchMap":{"0":{"loc":{"start":{"line":24,"column":4},"end":{"line":35,"column":5}},"type":"if","locations":[{"start":{"line":24,"column":4},"end":{"line":35,"column":5}},{"start":{},"end":{}}],"line":24},"1":{"loc":{"start":{"line":24,"column":8},"end":{"line":24,"column":22}},"type":"binary-expr","locations":[{"start":{"line":24,"column":8},"end":{"line":24,"column":13}},{"start":{"line":24,"column":17},"end":{"line":24,"column":22}}],"line":24},"2":{"loc":{"start":{"line":30,"column":6},"end":{"line":34,"column":7}},"type":"if","locations":[{"start":{"line":30,"column":6},"end":{"line":34,"column":7}},{"start":{"line":32,"column":13},"end":{"line":34,"column":7}}],"line":30}},"s":{"0":1,"1":7,"2":7,"3":7,"4":9,"5":9,"6":7,"7":7,"8":2,"9":2,"10":2,"11":1,"12":1,"13":7,"14":1,"15":1},"f":{"0":7,"1":9,"2":2},"b":{"0":[2,0],"1":[2,2],"2":[1,1]},"_coverageSchema":"1a1c01bbd47fc00a2c39e90264f33305004495a9","hash":"5e19a7a328869fe7efee6e4699244a8653a0cd8f"}
,"/Users/pedro/Documents/EAD/eng de software/EstacionamentoApp/src/views/rendimentos-view.tsx": {"path":"/Users/pedro/Documents/EAD/eng de software/EstacionamentoApp/src/views/rendimentos-view.tsx","statementMap":{"0":{"start":{"line":10,"column":20},"end":{"line":10,"column":50}},"1":{"start":{"line":12,"column":38},"end":{"line":80,"column":1}},"2":{"start":{"line":13,"column":27},"end":{"line":15,"column":3}},"3":{"start":{"line":14,"column":4},"end":{"line":14,"column":40}},"4":{"start":{"line":17,"column":28},"end":{"line":19,"column":3}},"5":{"start":{"line":18,"column":4},"end":{"line":18,"column":41}},"6":{"start":{"line":21,"column":2},"end":{"line":79,"column":4}},"7":{"start":{"line":37,"column":36},"end":{"line":37,"column":63}},"8":{"start":{"line":38,"column":41},"end":{"line":38,"column":68}},"9":{"start":{"line":65,"column":36},"end":{"line":65,"column":63}},"10":{"start":{"line":66,"column":41},"end":{"line":66,"column":68}},"11":{"start":{"line":82,"column":15},"end":{"line":101,"column":2}}},"fnMap":{"0":{"name":"(anonymous_0)","decl":{"start":{"line":12,"column":38},"end":{"line":12,"column":39}},"loc":{"start":{"line":12,"column":44},"end":{"line":80,"column":1}},"line":12},"1":{"name":"(anonymous_1)","decl":{"start":{"line":13,"column":42},"end":{"line":13,"column":43}},"loc":{"start":{"line":14,"column":4},"end":{"line":14,"column":40}},"line":14},"2":{"name":"(anonymous_2)","decl":{"start":{"line":17,"column":43},"end":{"line":17,"column":44}},"loc":{"start":{"line":18,"column":4},"end":{"line":18,"column":41}},"line":18},"3":{"name":"(anonymous_3)","decl":{"start":{"line":37,"column":19},"end":{"line":37,"column":20}},"loc":{"start":{"line":37,"column":36},"end":{"line":37,"column":63}},"line":37},"4":{"name":"(anonymous_4)","decl":{"start":{"line":38,"column":24},"end":{"line":38,"column":25}},"loc":{"start":{"line":38,"column":41},"end":{"line":38,"column":68}},"line":38},"5":{"name":"(anonymous_5)","decl":{"start":{"line":65,"column":19},"end":{"line":65,"column":20}},"loc":{"start":{"line":65,"column":36},"end":{"line":65,"column":63}},"line":65},"6":{"name":"(anonymous_6)","decl":{"start":{"line":66,"column":24},"end":{"line":66,"column":25}},"loc":{"start":{"line":66,"column":41},"end":{"line":66,"column":68}},"line":66}},"branchMap":{"0":{"loc":{"start":{"line":37,"column":20},"end":{"line":37,"column":31}},"type":"default-arg","locations":[{"start":{"line":37,"column":30},"end":{"line":37,"column":31}}],"line":37},"1":{"loc":{"start":{"line":38,"column":25},"end":{"line":38,"column":36}},"type":"default-arg","locations":[{"start":{"line":38,"column":35},"end":{"line":38,"column":36}}],"line":38},"2":{"loc":{"start":{"line":65,"column":20},"end":{"line":65,"column":31}},"type":"default-arg","locations":[{"start":{"line":65,"column":30},"end":{"line":65,"column":31}}],"line":65},"3":{"loc":{"start":{"line":66,"column":25},"end":{"line":66,"column":36}},"type":"default-arg","locations":[{"start":{"line":66,"column":35},"end":{"line":66,"column":36}}],"line":66}},"s":{"0":1,"1":1,"2":1,"3":1,"4":1,"5":1,"6":1,"7":10,"8":16,"9":11,"10":18,"11":1},"f":{"0":1,"1":1,"2":1,"3":10,"4":16,"5":11,"6":18},"b":{"0":[0],"1":[0],"2":[0],"3":[0]},"_coverageSchema":"1a1c01bbd47fc00a2c39e90264f33305004495a9","hash":"aa572e23f182350abf2f86ce84886e573532f9e2"}
,"/Users/pedro/Documents/EAD/eng de software/EstacionamentoApp/src/views/clientes/checkin-view.tsx": {"path":"/Users/pedro/Documents/EAD/eng de software/EstacionamentoApp/src/views/clientes/checkin-view.tsx","statementMap":{"0":{"start":{"line":19,"column":34},"end":{"line":119,"column":1}},"1":{"start":{"line":20,"column":28},"end":{"line":20,"column":46}},"2":{"start":{"line":21,"column":24},"end":{"line":21,"column":42}},"3":{"start":{"line":22,"column":28},"end":{"line":22,"column":46}},"4":{"start":{"line":23,"column":30},"end":{"line":23,"column":48}},"5":{"start":{"line":24,"column":24},"end":{"line":24,"column":42}},"6":{"start":{"line":25,"column":42},"end":{"line":25,"column":57}},"7":{"start":{"line":26,"column":21},"end":{"line":26,"column":75}},"8":{"start":{"line":28,"column":17},"end":{"line":30,"column":3}},"9":{"start":{"line":29,"column":4},"end":{"line":29,"column":29}},"10":{"start":{"line":32,"column":19},"end":{"line":32,"column":35}},"11":{"start":{"line":34,"column":26},"end":{"line":63,"column":3}},"12":{"start":{"line":35,"column":4},"end":{"line":62,"column":5}},"13":{"start":{"line":36,"column":6},"end":{"line":59,"column":7}},"14":{"start":{"line":37,"column":31},"end":{"line":39,"column":14}},"15":{"start":{"line":38,"column":15},"end":{"line":38,"column":51}},"16":{"start":{"line":40,"column":8},"end":{"line":42,"column":9}},"17":{"start":{"line":41,"column":10},"end":{"line":41,"column":65}},"18":{"start":{"line":43,"column":37},"end":{"line":50,"column":9}},"19":{"start":{"line":51,"column":8},"end":{"line":53,"column":10}},"20":{"start":{"line":54,"column":8},"end":{"line":57,"column":11}},"21":{"start":{"line":58,"column":8},"end":{"line":58,"column":30}},"22":{"start":{"line":61,"column":6},"end":{"line":61,"column":55}},"23":{"start":{"line":65,"column":20},"end":{"line":67,"column":3}},"24":{"start":{"line":66,"column":4},"end":{"line":66,"column":29}},"25":{"start":{"line":69,"column":2},"end":{"line":118,"column":4}},"26":{"start":{"line":101,"column":30},"end":{"line":101,"column":52}},"27":{"start":{"line":102,"column":49},"end":{"line":102,"column":71}},"28":{"start":{"line":121,"column":15},"end":{"line":121,"column":46}},"29":{"start":{"line":122,"column":14},"end":{"line":122,"column":44}},"30":{"start":{"line":124,"column":15},"end":{"line":159,"column":2}}},"fnMap":{"0":{"name":"(anonymous_0)","decl":{"start":{"line":19,"column":34},"end":{"line":19,"column":35}},"loc":{"start":{"line":19,"column":40},"end":{"line":119,"column":1}},"line":19},"1":{"name":"(anonymous_1)","decl":{"start":{"line":28,"column":32},"end":{"line":28,"column":33}},"loc":{"start":{"line":29,"column":4},"end":{"line":29,"column":29}},"line":29},"2":{"name":"(anonymous_2)","decl":{"start":{"line":34,"column":26},"end":{"line":34,"column":27}},"loc":{"start":{"line":34,"column":38},"end":{"line":63,"column":3}},"line":34},"3":{"name":"(anonymous_3)","decl":{"start":{"line":38,"column":10},"end":{"line":38,"column":11}},"loc":{"start":{"line":38,"column":15},"end":{"line":38,"column":51}},"line":38},"4":{"name":"(anonymous_4)","decl":{"start":{"line":65,"column":20},"end":{"line":65,"column":21}},"loc":{"start":{"line":65,"column":26},"end":{"line":67,"column":3}},"line":65},"5":{"name":"(anonymous_5)","decl":{"start":{"line":101,"column":24},"end":{"line":101,"column":25}},"loc":{"start":{"line":101,"column":30},"end":{"line":101,"column":52}},"line":101},"6":{"name":"(anonymous_6)","decl":{"start":{"line":102,"column":43},"end":{"line":102,"column":44}},"loc":{"start":{"line":102,"column":49},"end":{"line":102,"column":71}},"line":102}},"branchMap":{"0":{"loc":{"start":{"line":35,"column":4},"end":{"line":62,"column":5}},"type":"if","locations":[{"start":{"line":35,"column":4},"end":{"line":62,"column":5}},{"start":{"line":60,"column":11},"end":{"line":62,"column":5}}],"line":35},"1":{"loc":{"start":{"line":36,"column":6},"end":{"line":59,"column":7}},"type":"if","locations":[{"start":{"line":36,"column":6},"end":{"line":59,"column":7}},{"start":{},"end":{}}],"line":36},"2":{"loc":{"start":{"line":36,"column":10},"end":{"line":36,"column":39}},"type":"binary-expr","locations":[{"start":{"line":36,"column":10},"end":{"line":36,"column":13}},{"start":{"line":36,"column":17},"end":{"line":36,"column":22}},{"start":{"line":36,"column":26},"end":{"line":36,"column":32}},{"start":{"line":36,"column":36},"end":{"line":36,"column":39}}],"line":36},"3":{"loc":{"start":{"line":40,"column":8},"end":{"line":42,"column":9}},"type":"if","locations":[{"start":{"line":40,"column":8},"end":{"line":42,"column":9}},{"start":{},"end":{}}],"line":40}},"s":{"0":1,"1":1,"2":1,"3":1,"4":1,"5":1,"6":1,"7":1,"8":1,"9":1,"10":1,"11":1,"12":0,"13":0,"14":0,"15":0,"16":0,"17":0,"18":0,"19":0,"20":0,"21":0,"22":0,"23":1,"24":0,"25":1,"26":0,"27":0,"28":1,"29":1,"30":1},"f":{"0":1,"1":1,"2":0,"3":0,"4":0,"5":0,"6":0},"b":{"0":[0,0],"1":[0,0],"2":[0,0,0,0],"3":[0,0]},"_coverageSchema":"1a1c01bbd47fc00a2c39e90264f33305004495a9","hash":"44cf6514e90cc321bc9af4272ee86776ba5aedb3"}
,"/Users/pedro/Documents/EAD/eng de software/EstacionamentoApp/src/views/clientes/clientes-view.tsx": {"path":"/Users/pedro/Documents/EAD/eng de software/EstacionamentoApp/src/views/clientes/clientes-view.tsx","statementMap":{"0":{"start":{"line":21,"column":35},"end":{"line":113,"column":1}},"1":{"start":{"line":22,"column":48},"end":{"line":22,"column":63}},"2":{"start":{"line":24,"column":4},"end":{"line":24,"column":19}},"3":{"start":{"line":25,"column":24},"end":{"line":25,"column":42}},"4":{"start":{"line":26,"column":32},"end":{"line":26,"column":52}},"5":{"start":{"line":27,"column":28},"end":{"line":27,"column":46}},"6":{"start":{"line":28,"column":21},"end":{"line":28,"column":75}},"7":{"start":{"line":30,"column":29},"end":{"line":30,"column":74}},"8":{"start":{"line":30,"column":53},"end":{"line":30,"column":73}},"9":{"start":{"line":31,"column":19},"end":{"line":31,"column":35}},"10":{"start":{"line":33,"column":25},"end":{"line":35,"column":3}},"11":{"start":{"line":34,"column":4},"end":{"line":34,"column":31}},"12":{"start":{"line":37,"column":26},"end":{"line":39,"column":3}},"13":{"start":{"line":38,"column":4},"end":{"line":38,"column":29}},"14":{"start":{"line":41,"column":28},"end":{"line":47,"column":3}},"15":{"start":{"line":42,"column":4},"end":{"line":46,"column":5}},"16":{"start":{"line":43,"column":6},"end":{"line":43,"column":40}},"17":{"start":{"line":44,"column":6},"end":{"line":44,"column":41}},"18":{"start":{"line":45,"column":6},"end":{"line":45,"column":64}},"19":{"start":{"line":49,"column":25},"end":{"line":60,"column":3}},"20":{"start":{"line":50,"column":28},"end":{"line":50,"column":60}},"21":{"start":{"line":50,"column":47},"end":{"line":50,"column":59}},"22":{"start":{"line":51,"column":4},"end":{"line":59,"column":5}},"23":{"start":{"line":52,"column":20},"end":{"line":52,"column":69}},"24":{"start":{"line":52,"column":37},"end":{"line":52,"column":68}},"25":{"start":{"line":53,"column":6},"end":{"line":53,"column":34}},"26":{"start":{"line":54,"column":6},"end":{"line":54,"column":45}},"27":{"start":{"line":55,"column":6},"end":{"line":55,"column":40}},"28":{"start":{"line":56,"column":6},"end":{"line":56,"column":32}},"29":{"start":{"line":58,"column":6},"end":{"line":58,"column":52}},"30":{"start":{"line":62,"column":2},"end":{"line":112,"column":4}},"31":{"start":{"line":71,"column":30},"end":{"line":71,"column":55}},"32":{"start":{"line":72,"column":49},"end":{"line":72,"column":74}},"33":{"start":{"line":94,"column":30},"end":{"line":94,"column":64}},"34":{"start":{"line":96,"column":25},"end":{"line":96,"column":59}},"35":{"start":{"line":115,"column":15},"end":{"line":115,"column":46}},"36":{"start":{"line":116,"column":14},"end":{"line":116,"column":44}},"37":{"start":{"line":118,"column":15},"end":{"line":145,"column":2}}},"fnMap":{"0":{"name":"(anonymous_0)","decl":{"start":{"line":21,"column":35},"end":{"line":21,"column":36}},"loc":{"start":{"line":21,"column":41},"end":{"line":113,"column":1}},"line":21},"1":{"name":"(anonymous_1)","decl":{"start":{"line":30,"column":44},"end":{"line":30,"column":45}},"loc":{"start":{"line":30,"column":53},"end":{"line":30,"column":73}},"line":30},"2":{"name":"(anonymous_2)","decl":{"start":{"line":33,"column":25},"end":{"line":33,"column":26}},"loc":{"start":{"line":33,"column":31},"end":{"line":35,"column":3}},"line":33},"3":{"name":"(anonymous_3)","decl":{"start":{"line":37,"column":26},"end":{"line":37,"column":27}},"loc":{"start":{"line":37,"column":32},"end":{"line":39,"column":3}},"line":37},"4":{"name":"(anonymous_4)","decl":{"start":{"line":41,"column":28},"end":{"line":41,"column":29}},"loc":{"start":{"line":41,"column":34},"end":{"line":47,"column":3}},"line":41},"5":{"name":"(anonymous_5)","decl":{"start":{"line":49,"column":25},"end":{"line":49,"column":26}},"loc":{"start":{"line":49,"column":37},"end":{"line":60,"column":3}},"line":49},"6":{"name":"(anonymous_6)","decl":{"start":{"line":50,"column":42},"end":{"line":50,"column":43}},"loc":{"start":{"line":50,"column":47},"end":{"line":50,"column":59}},"line":50},"7":{"name":"(anonymous_7)","decl":{"start":{"line":52,"column":32},"end":{"line":52,"column":33}},"loc":{"start":{"line":52,"column":37},"end":{"line":52,"column":68}},"line":52},"8":{"name":"(anonymous_8)","decl":{"start":{"line":71,"column":24},"end":{"line":71,"column":25}},"loc":{"start":{"line":71,"column":30},"end":{"line":71,"column":55}},"line":71},"9":{"name":"(anonymous_9)","decl":{"start":{"line":72,"column":43},"end":{"line":72,"column":44}},"loc":{"start":{"line":72,"column":49},"end":{"line":72,"column":74}},"line":72},"10":{"name":"(anonymous_10)","decl":{"start":{"line":94,"column":24},"end":{"line":94,"column":25}},"loc":{"start":{"line":94,"column":30},"end":{"line":94,"column":64}},"line":94},"11":{"name":"(anonymous_11)","decl":{"start":{"line":96,"column":19},"end":{"line":96,"column":20}},"loc":{"start":{"line":96,"column":25},"end":{"line":96,"column":59}},"line":96}},"branchMap":{"0":{"loc":{"start":{"line":42,"column":4},"end":{"line":46,"column":5}},"type":"if","locations":[{"start":{"line":42,"column":4},"end":{"line":46,"column":5}},{"start":{},"end":{}}],"line":42},"1":{"loc":{"start":{"line":51,"column":4},"end":{"line":59,"column":5}},"type":"if","locations":[{"start":{"line":51,"column":4},"end":{"line":59,"column":5}},{"start":{"line":57,"column":11},"end":{"line":59,"column":5}}],"line":51}},"s":{"0":1,"1":1,"2":1,"3":1,"4":1,"5":1,"6":1,"7":1,"8":1,"9":1,"10":1,"11":0,"12":1,"13":0,"14":1,"15":0,"16":0,"17":0,"18":0,"19":1,"20":0,"21":0,"22":0,"23":0,"24":0,"25":0,"26":0,"27":0,"28":0,"29":0,"30":1,"31":0,"32":0,"33":0,"34":0,"35":1,"36":1,"37":1},"f":{"0":1,"1":1,"2":0,"3":0,"4":0,"5":0,"6":0,"7":0,"8":0,"9":0,"10":0,"11":0},"b":{"0":[0,0],"1":[0,0]},"_coverageSchema":"1a1c01bbd47fc00a2c39e90264f33305004495a9","hash":"f726f244396bf0d22916a9db693b0bdf05fc7b9a"}
,"/Users/pedro/Documents/EAD/eng de software/EstacionamentoApp/src/views/patios/adicionar-patio-view.tsx": {"path":"/Users/pedro/Documents/EAD/eng de software/EstacionamentoApp/src/views/patios/adicionar-patio-view.tsx","statementMap":{"0":{"start":{"line":12,"column":26},"end":{"line":12,"column":44}},"1":{"start":{"line":13,"column":28},"end":{"line":13,"column":46}},"2":{"start":{"line":14,"column":36},"end":{"line":14,"column":54}},"3":{"start":{"line":16,"column":21},"end":{"line":16,"column":75}},"4":{"start":{"line":17,"column":19},"end":{"line":17,"column":35}},"5":{"start":{"line":20,"column":4},"end":{"line":33,"column":5}},"6":{"start":{"line":21,"column":6},"end":{"line":29,"column":8}},"7":{"start":{"line":30,"column":6},"end":{"line":32,"column":9}},"8":{"start":{"line":31,"column":36},"end":{"line":31,"column":58}},"9":{"start":{"line":36,"column":2},"end":{"line":62,"column":4}},"10":{"start":{"line":48,"column":35},"end":{"line":48,"column":50}},"11":{"start":{"line":56,"column":35},"end":{"line":56,"column":72}},"12":{"start":{"line":65,"column":15},"end":{"line":65,"column":46}},"13":{"start":{"line":66,"column":14},"end":{"line":66,"column":44}},"14":{"start":{"line":68,"column":15},"end":{"line":81,"column":2}}},"fnMap":{"0":{"name":"AdicionarPatioView","decl":{"start":{"line":11,"column":9},"end":{"line":11,"column":27}},"loc":{"start":{"line":11,"column":30},"end":{"line":63,"column":1}},"line":11},"1":{"name":"onSavePatio","decl":{"start":{"line":19,"column":11},"end":{"line":19,"column":22}},"loc":{"start":{"line":19,"column":25},"end":{"line":34,"column":3}},"line":19},"2":{"name":"(anonymous_2)","decl":{"start":{"line":31,"column":30},"end":{"line":31,"column":31}},"loc":{"start":{"line":31,"column":36},"end":{"line":31,"column":58}},"line":31},"3":{"name":"(anonymous_3)","decl":{"start":{"line":48,"column":26},"end":{"line":48,"column":27}},"loc":{"start":{"line":48,"column":35},"end":{"line":48,"column":50}},"line":48},"4":{"name":"(anonymous_4)","decl":{"start":{"line":56,"column":26},"end":{"line":56,"column":27}},"loc":{"start":{"line":56,"column":35},"end":{"line":56,"column":72}},"line":56}},"branchMap":{"0":{"loc":{"start":{"line":20,"column":4},"end":{"line":33,"column":5}},"type":"if","locations":[{"start":{"line":20,"column":4},"end":{"line":33,"column":5}},{"start":{},"end":{}}],"line":20},"1":{"loc":{"start":{"line":20,"column":8},"end":{"line":20,"column":34}},"type":"binary-expr","locations":[{"start":{"line":20,"column":8},"end":{"line":20,"column":12}},{"start":{"line":20,"column":16},"end":{"line":20,"column":21}},{"start":{"line":20,"column":25},"end":{"line":20,"column":34}}],"line":20}},"s":{"0":1,"1":1,"2":1,"3":1,"4":1,"5":0,"6":0,"7":0,"8":0,"9":1,"10":0,"11":0,"12":1,"13":1,"14":1},"f":{"0":1,"1":0,"2":0,"3":0,"4":0},"b":{"0":[0,0],"1":[0,0,0]},"_coverageSchema":"1a1c01bbd47fc00a2c39e90264f33305004495a9","hash":"db2743e8cad93ced0a2995132df120be4fa22ae0"}
,"/Users/pedro/Documents/EAD/eng de software/EstacionamentoApp/src/views/patios/carros-estacionados-view.tsx": {"path":"/Users/pedro/Documents/EAD/eng de software/EstacionamentoApp/src/views/patios/carros-estacionados-view.tsx","statementMap":{"0":{"start":{"line":10,"column":45},"end":{"line":44,"column":1}},"1":{"start":{"line":13,"column":6},"end":{"line":13,"column":72}},"2":{"start":{"line":15,"column":17},"end":{"line":17,"column":3}},"3":{"start":{"line":16,"column":4},"end":{"line":16,"column":48}},"4":{"start":{"line":19,"column":21},"end":{"line":28,"column":3}},"5":{"start":{"line":20,"column":4},"end":{"line":27,"column":6}},"6":{"start":{"line":30,"column":2},"end":{"line":43,"column":4}},"7":{"start":{"line":37,"column":30},"end":{"line":37,"column":38}},"8":{"start":{"line":46,"column":15},"end":{"line":68,"column":2}}},"fnMap":{"0":{"name":"(anonymous_0)","decl":{"start":{"line":10,"column":45},"end":{"line":10,"column":46}},"loc":{"start":{"line":10,"column":51},"end":{"line":44,"column":1}},"line":10},"1":{"name":"(anonymous_1)","decl":{"start":{"line":15,"column":32},"end":{"line":15,"column":33}},"loc":{"start":{"line":16,"column":4},"end":{"line":16,"column":48}},"line":16},"2":{"name":"(anonymous_2)","decl":{"start":{"line":19,"column":21},"end":{"line":19,"column":22}},"loc":{"start":{"line":19,"column":51},"end":{"line":28,"column":3}},"line":19},"3":{"name":"(anonymous_3)","decl":{"start":{"line":37,"column":22},"end":{"line":37,"column":23}},"loc":{"start":{"line":37,"column":30},"end":{"line":37,"column":38}},"line":37}},"branchMap":{},"s":{"0":1,"1":1,"2":1,"3":1,"4":1,"5":0,"6":1,"7":0,"8":1},"f":{"0":1,"1":1,"2":0,"3":0},"b":{},"_coverageSchema":"1a1c01bbd47fc00a2c39e90264f33305004495a9","hash":"e147d1d0e3dbaad9e30d9f1b47304e4849076f72"}
,"/Users/pedro/Documents/EAD/eng de software/EstacionamentoApp/src/views/patios/patios-view.tsx": {"path":"/Users/pedro/Documents/EAD/eng de software/EstacionamentoApp/src/views/patios/patios-view.tsx","statementMap":{"0":{"start":{"line":20,"column":33},"end":{"line":89,"column":1}},"1":{"start":{"line":21,"column":17},"end":{"line":23,"column":3}},"2":{"start":{"line":22,"column":4},"end":{"line":22,"column":29}},"3":{"start":{"line":24,"column":24},"end":{"line":26,"column":3}},"4":{"start":{"line":25,"column":13},"end":{"line":25,"column":47}},"5":{"start":{"line":28,"column":19},"end":{"line":28,"column":35}},"6":{"start":{"line":29,"column":21},"end":{"line":29,"column":75}},"7":{"start":{"line":31,"column":23},"end":{"line":33,"column":3}},"8":{"start":{"line":32,"column":4},"end":{"line":32,"column":44}},"9":{"start":{"line":35,"column":27},"end":{"line":35,"column":59}},"10":{"start":{"line":35,"column":33},"end":{"line":35,"column":59}},"11":{"start":{"line":37,"column":24},"end":{"line":50,"column":3}},"12":{"start":{"line":38,"column":4},"end":{"line":49,"column":7}},"13":{"start":{"line":46,"column":10},"end":{"line":46,"column":40}},"14":{"start":{"line":52,"column":21},"end":{"line":73,"column":3}},"15":{"start":{"line":53,"column":4},"end":{"line":72,"column":6}},"16":{"start":{"line":56,"column":23},"end":{"line":56,"column":41}},"17":{"start":{"line":67,"column":43},"end":{"line":67,"column":62}},"18":{"start":{"line":75,"column":2},"end":{"line":88,"column":4}},"19":{"start":{"line":81,"column":30},"end":{"line":81,"column":37}},"20":{"start":{"line":91,"column":15},"end":{"line":125,"column":2}}},"fnMap":{"0":{"name":"(anonymous_0)","decl":{"start":{"line":20,"column":33},"end":{"line":20,"column":34}},"loc":{"start":{"line":20,"column":39},"end":{"line":89,"column":1}},"line":20},"1":{"name":"(anonymous_1)","decl":{"start":{"line":21,"column":32},"end":{"line":21,"column":33}},"loc":{"start":{"line":22,"column":4},"end":{"line":22,"column":29}},"line":22},"2":{"name":"(anonymous_2)","decl":{"start":{"line":25,"column":4},"end":{"line":25,"column":5}},"loc":{"start":{"line":25,"column":13},"end":{"line":25,"column":47}},"line":25},"3":{"name":"(anonymous_3)","decl":{"start":{"line":31,"column":23},"end":{"line":31,"column":24}},"loc":{"start":{"line":31,"column":42},"end":{"line":33,"column":3}},"line":31},"4":{"name":"(anonymous_4)","decl":{"start":{"line":35,"column":27},"end":{"line":35,"column":28}},"loc":{"start":{"line":35,"column":33},"end":{"line":35,"column":59}},"line":35},"5":{"name":"(anonymous_5)","decl":{"start":{"line":37,"column":24},"end":{"line":37,"column":25}},"loc":{"start":{"line":37,"column":43},"end":{"line":50,"column":3}},"line":37},"6":{"name":"(anonymous_6)","decl":{"start":{"line":45,"column":17},"end":{"line":45,"column":18}},"loc":{"start":{"line":45,"column":23},"end":{"line":47,"column":9}},"line":45},"7":{"name":"(anonymous_7)","decl":{"start":{"line":52,"column":21},"end":{"line":52,"column":22}},"loc":{"start":{"line":52,"column":49},"end":{"line":73,"column":3}},"line":52},"8":{"name":"(anonymous_8)","decl":{"start":{"line":56,"column":17},"end":{"line":56,"column":18}},"loc":{"start":{"line":56,"column":23},"end":{"line":56,"column":41}},"line":56},"9":{"name":"(anonymous_9)","decl":{"start":{"line":67,"column":37},"end":{"line":67,"column":38}},"loc":{"start":{"line":67,"column":43},"end":{"line":67,"column":62}},"line":67},"10":{"name":"(anonymous_10)","decl":{"start":{"line":81,"column":22},"end":{"line":81,"column":23}},"loc":{"start":{"line":81,"column":30},"end":{"line":81,"column":37}},"line":81}},"branchMap":{"0":{"loc":{"start":{"line":66,"column":9},"end":{"line":70,"column":9}},"type":"binary-expr","locations":[{"start":{"line":66,"column":9},"end":{"line":66,"column":47}},{"start":{"line":67,"column":10},"end":{"line":69,"column":29}}],"line":66}},"s":{"0":1,"1":1,"2":1,"3":1,"4":1,"5":1,"6":1,"7":1,"8":0,"9":1,"10":0,"11":1,"12":0,"13":0,"14":1,"15":0,"16":0,"17":0,"18":1,"19":0,"20":1},"f":{"0":1,"1":1,"2":1,"3":0,"4":0,"5":0,"6":0,"7":0,"8":0,"9":0,"10":0},"b":{"0":[0,0]},"_coverageSchema":"1a1c01bbd47fc00a2c39e90264f33305004495a9","hash":"25ab18e18b081f2981cbdf5354adbb3cb50d4e89"}
,"/Users/pedro/Documents/EAD/eng de software/EstacionamentoApp/src/views/usuarios/adicionar-usuario-view.tsx": {"path":"/Users/pedro/Documents/EAD/eng de software/EstacionamentoApp/src/views/usuarios/adicionar-usuario-view.tsx","statementMap":{"0":{"start":{"line":10,"column":43},"end":{"line":91,"column":1}},"1":{"start":{"line":11,"column":26},"end":{"line":11,"column":44}},"2":{"start":{"line":12,"column":28},"end":{"line":12,"column":46}},"3":{"start":{"line":13,"column":32},"end":{"line":13,"column":56}},"4":{"start":{"line":14,"column":28},"end":{"line":14,"column":46}},"5":{"start":{"line":15,"column":21},"end":{"line":15,"column":75}},"6":{"start":{"line":17,"column":19},"end":{"line":17,"column":35}},"7":{"start":{"line":19,"column":24},"end":{"line":39,"column":3}},"8":{"start":{"line":20,"column":4},"end":{"line":38,"column":5}},"9":{"start":{"line":21,"column":6},"end":{"line":28,"column":8}},"10":{"start":{"line":30,"column":6},"end":{"line":37,"column":9}},"11":{"start":{"line":34,"column":12},"end":{"line":34,"column":37}},"12":{"start":{"line":41,"column":2},"end":{"line":90,"column":4}},"13":{"start":{"line":93,"column":15},"end":{"line":93,"column":46}},"14":{"start":{"line":94,"column":14},"end":{"line":94,"column":44}},"15":{"start":{"line":96,"column":15},"end":{"line":113,"column":2}}},"fnMap":{"0":{"name":"(anonymous_0)","decl":{"start":{"line":10,"column":43},"end":{"line":10,"column":44}},"loc":{"start":{"line":10,"column":49},"end":{"line":91,"column":1}},"line":10},"1":{"name":"(anonymous_1)","decl":{"start":{"line":19,"column":24},"end":{"line":19,"column":25}},"loc":{"start":{"line":19,"column":30},"end":{"line":39,"column":3}},"line":19},"2":{"name":"(anonymous_2)","decl":{"start":{"line":33,"column":19},"end":{"line":33,"column":20}},"loc":{"start":{"line":33,"column":25},"end":{"line":35,"column":11}},"line":33}},"branchMap":{"0":{"loc":{"start":{"line":20,"column":4},"end":{"line":38,"column":5}},"type":"if","locations":[{"start":{"line":20,"column":4},"end":{"line":38,"column":5}},{"start":{},"end":{}}],"line":20},"1":{"loc":{"start":{"line":20,"column":8},"end":{"line":20,"column":30}},"type":"binary-expr","locations":[{"start":{"line":20,"column":8},"end":{"line":20,"column":12}},{"start":{"line":20,"column":16},"end":{"line":20,"column":21}},{"start":{"line":20,"column":25},"end":{"line":20,"column":30}}],"line":20},"2":{"loc":{"start":{"line":26,"column":16},"end":{"line":26,"column":60}},"type":"cond-expr","locations":[{"start":{"line":26,"column":26},"end":{"line":26,"column":41}},{"start":{"line":26,"column":44},"end":{"line":26,"column":60}}],"line":26},"3":{"loc":{"start":{"line":79,"column":26},"end":{"line":79,"column":57}},"type":"cond-expr","locations":[{"start":{"line":79,"column":36},"end":{"line":79,"column":45}},{"start":{"line":79,"column":48},"end":{"line":79,"column":57}}],"line":79}},"s":{"0":1,"1":14,"2":14,"3":14,"4":14,"5":14,"6":14,"7":14,"8":3,"9":2,"10":2,"11":0,"12":14,"13":1,"14":1,"15":1},"f":{"0":14,"1":3,"2":0},"b":{"0":[2,1],"1":[3,3,2],"2":[1,1],"3":[1,13]},"_coverageSchema":"1a1c01bbd47fc00a2c39e90264f33305004495a9","hash":"53e50155435266f09724ce71be9d1ab2585b61b7"}
,"/Users/pedro/Documents/EAD/eng de software/EstacionamentoApp/src/views/usuarios/usuarios-view.tsx": {"path":"/Users/pedro/Documents/EAD/eng de software/EstacionamentoApp/src/views/usuarios/usuarios-view.tsx","statementMap":{"0":{"start":{"line":22,"column":35},"end":{"line":76,"column":1}},"1":{"start":{"line":23,"column":21},"end":{"line":23,"column":75}},"2":{"start":{"line":24,"column":19},"end":{"line":24,"column":35}},"3":{"start":{"line":26,"column":19},"end":{"line":28,"column":3}},"4":{"start":{"line":27,"column":4},"end":{"line":27,"column":31}},"5":{"start":{"line":30,"column":26},"end":{"line":43,"column":3}},"6":{"start":{"line":31,"column":4},"end":{"line":42,"column":7}},"7":{"start":{"line":39,"column":10},"end":{"line":39,"column":44}},"8":{"start":{"line":45,"column":29},"end":{"line":47,"column":3}},"9":{"start":{"line":46,"column":4},"end":{"line":46,"column":33}},"10":{"start":{"line":49,"column":21},"end":{"line":61,"column":3}},"11":{"start":{"line":50,"column":4},"end":{"line":60,"column":6}},"12":{"start":{"line":56,"column":41},"end":{"line":56,"column":62}},"13":{"start":{"line":63,"column":2},"end":{"line":75,"column":4}},"14":{"start":{"line":70,"column":30},"end":{"line":70,"column":40}},"15":{"start":{"line":78,"column":15},"end":{"line":108,"column":2}}},"fnMap":{"0":{"name":"(anonymous_0)","decl":{"start":{"line":22,"column":35},"end":{"line":22,"column":36}},"loc":{"start":{"line":22,"column":41},"end":{"line":76,"column":1}},"line":22},"1":{"name":"(anonymous_1)","decl":{"start":{"line":26,"column":34},"end":{"line":26,"column":35}},"loc":{"start":{"line":27,"column":4},"end":{"line":27,"column":31}},"line":27},"2":{"name":"(anonymous_2)","decl":{"start":{"line":30,"column":26},"end":{"line":30,"column":27}},"loc":{"start":{"line":30,"column":49},"end":{"line":43,"column":3}},"line":30},"3":{"name":"(anonymous_3)","decl":{"start":{"line":38,"column":17},"end":{"line":38,"column":18}},"loc":{"start":{"line":38,"column":23},"end":{"line":40,"column":9}},"line":38},"4":{"name":"(anonymous_4)","decl":{"start":{"line":45,"column":29},"end":{"line":45,"column":30}},"loc":{"start":{"line":45,"column":35},"end":{"line":47,"column":3}},"line":45},"5":{"name":"(anonymous_5)","decl":{"start":{"line":49,"column":21},"end":{"line":49,"column":22}},"loc":{"start":{"line":49,"column":51},"end":{"line":61,"column":3}},"line":49},"6":{"name":"(anonymous_6)","decl":{"start":{"line":56,"column":35},"end":{"line":56,"column":36}},"loc":{"start":{"line":56,"column":41},"end":{"line":56,"column":62}},"line":56},"7":{"name":"(anonymous_7)","decl":{"start":{"line":70,"column":22},"end":{"line":70,"column":23}},"loc":{"start":{"line":70,"column":30},"end":{"line":70,"column":40}},"line":70}},"branchMap":{},"s":{"0":1,"1":1,"2":1,"3":1,"4":1,"5":1,"6":0,"7":0,"8":1,"9":0,"10":1,"11":1,"12":0,"13":1,"14":1,"15":1},"f":{"0":1,"1":1,"2":0,"3":0,"4":0,"5":1,"6":0,"7":1},"b":{},"_coverageSchema":"1a1c01bbd47fc00a2c39e90264f33305004495a9","hash":"4b1c8e287df0d0d62f7551060bd4f4bb1303a29c"}
}
