TN:
SF:src/constants.ts
FNF:0
FNH:0
DA:3,11
LF:1
LH:1
BRF:0
BRH:0
end_of_record
TN:
SF:src/index.tsx
FN:7,(anonymous_0)
FNF:1
FNH:0
FNDA:0,(anonymous_0)
DA:7,0
DA:8,0
LF:2
LH:0
BRF:0
BRH:0
end_of_record
TN:
SF:src/api/index.tsx
FN:7,(anonymous_0)
FN:11,(anonymous_1)
FN:13,(anonymous_2)
FN:20,(anonymous_3)
FN:22,(anonymous_4)
FNF:5
FNH:0
FNDA:0,(anonymous_0)
FNDA:0,(anonymous_1)
FNDA:0,(anonymous_2)
FNDA:0,(anonymous_3)
FNDA:0,(anonymous_4)
DA:3,0
DA:7,0
DA:8,0
DA:11,0
DA:13,0
DA:17,0
DA:20,0
DA:22,0
DA:23,0
LF:9
LH:0
BRF:0
BRH:0
end_of_record
TN:
SF:src/components/Button.tsx
FN:10,(anonymous_0)
FNF:1
FNH:1
FNDA:26,(anonymous_0)
DA:10,8
DA:11,26
DA:21,8
LF:3
LH:3
BRF:0
BRH:0
end_of_record
TN:
SF:src/components/Input.tsx
FN:9,(anonymous_0)
FNF:1
FNH:1
FNDA:65,(anonymous_0)
DA:9,6
DA:16,65
DA:29,6
LF:3
LH:3
BRDA:10,0,0,36
BRF:1
BRH:1
end_of_record
TN:
SF:src/router/index.tsx
FN:35,(anonymous_0)
FN:48,(anonymous_1)
FN:57,(anonymous_2)
FN:66,(anonymous_3)
FN:78,(anonymous_4)
FN:84,(anonymous_5)
FN:86,(anonymous_6)
FN:89,(anonymous_7)
FN:102,(anonymous_8)
FNF:9
FNH:0
FNDA:0,(anonymous_0)
FNDA:0,(anonymous_1)
FNDA:0,(anonymous_2)
FNDA:0,(anonymous_3)
FNDA:0,(anonymous_4)
FNDA:0,(anonymous_5)
FNDA:0,(anonymous_6)
FNDA:0,(anonymous_7)
FNDA:0,(anonymous_8)
DA:32,0
DA:33,0
DA:35,0
DA:36,0
DA:48,0
DA:49,0
DA:57,0
DA:58,0
DA:66,0
DA:67,0
DA:73,0
DA:75,0
DA:78,0
DA:84,0
DA:85,0
DA:86,0
DA:89,0
DA:90,0
DA:91,0
DA:93,0
DA:97,0
DA:102,0
LF:22
LH:0
BRDA:90,0,0,0
BRDA:90,0,1,0
BRDA:99,1,0,0
BRDA:99,1,1,0
BRDA:106,2,0,0
BRDA:106,2,1,0
BRF:6
BRH:0
end_of_record
TN:
SF:src/store/index.ts
FN:15,(anonymous_0)
FNF:1
FNH:1
FNDA:26,(anonymous_0)
DA:5,11
DA:14,11
DA:15,26
LF:3
LH:3
BRF:0
BRH:0
end_of_record
TN:
SF:src/store/slices/estacionamento-slice.ts
FN:22,(anonymous_0)
FN:25,(anonymous_1)
FN:28,(anonymous_2)
FN:29,(anonymous_3)
FN:32,(anonymous_4)
FN:34,(anonymous_5)
FN:45,(anonymous_6)
FN:46,(anonymous_7)
FN:48,(anonymous_8)
FN:65,(anonymous_9)
FN:68,(anonymous_10)
FN:71,(anonymous_11)
FN:74,(anonymous_12)
FN:77,(anonymous_13)
FN:96,(anonymous_14)
FN:107,(anonymous_15)
FN:118,(anonymous_16)
FN:120,(anonymous_17)
FN:125,(anonymous_18)
FN:128,(anonymous_19)
FN:130,(anonymous_20)
FN:131,(anonymous_21)
FN:133,(anonymous_22)
FN:136,(anonymous_23)
FN:138,(anonymous_24)
FN:139,(anonymous_25)
FNF:26
FNH:11
FNDA:0,(anonymous_0)
FNDA:0,(anonymous_1)
FNDA:0,(anonymous_2)
FNDA:0,(anonymous_3)
FNDA:0,(anonymous_4)
FNDA:0,(anonymous_5)
FNDA:0,(anonymous_6)
FNDA:0,(anonymous_7)
FNDA:0,(anonymous_8)
FNDA:2,(anonymous_9)
FNDA:0,(anonymous_10)
FNDA:0,(anonymous_11)
FNDA:1,(anonymous_12)
FNDA:0,(anonymous_13)
FNDA:1,(anonymous_14)
FNDA:1,(anonymous_15)
FNDA:9,(anonymous_16)
FNDA:2,(anonymous_17)
FNDA:2,(anonymous_18)
FNDA:2,(anonymous_19)
FNDA:0,(anonymous_20)
FNDA:0,(anonymous_21)
FNDA:1,(anonymous_22)
FNDA:0,(anonymous_23)
FNDA:1,(anonymous_24)
FNDA:1,(anonymous_25)
DA:18,11
DA:23,0
DA:26,0
DA:28,0
DA:29,0
DA:33,0
DA:34,0
DA:35,0
DA:36,0
DA:41,0
DA:43,0
DA:46,0
DA:47,0
DA:48,0
DA:49,0
DA:50,0
DA:51,0
DA:56,0
DA:58,0
DA:66,2
DA:69,0
DA:71,0
DA:75,1
DA:78,0
DA:83,11
DA:94,11
DA:96,11
DA:97,1
DA:107,11
DA:108,1
DA:118,11
DA:120,11
DA:125,2
DA:128,11
DA:130,11
DA:131,0
DA:133,11
DA:136,1
DA:138,11
DA:139,1
LF:40
LH:18
BRDA:35,0,0,0
BRDA:35,0,1,0
BRDA:49,1,0,0
BRDA:49,1,1,0
BRDA:125,2,0,2
BRDA:125,2,1,1
BRF:6
BRH:2
end_of_record
TN:
SF:src/views/login-view.tsx
FN:13,(anonymous_0)
FN:17,(anonymous_1)
FN:23,(anonymous_2)
FNF:3
FNH:3
FNDA:7,(anonymous_0)
FNDA:9,(anonymous_1)
FNDA:2,(anonymous_2)
DA:13,1
DA:14,7
DA:15,7
DA:17,7
DA:18,9
DA:19,9
DA:21,7
DA:23,7
DA:24,2
DA:25,2
DA:30,2
DA:31,1
DA:33,1
DA:38,7
DA:65,1
DA:67,1
LF:16
LH:16
BRDA:24,0,0,2
BRDA:24,0,1,0
BRDA:24,1,0,2
BRDA:24,1,1,2
BRDA:30,2,0,1
BRDA:30,2,1,1
BRF:6
BRH:5
end_of_record
TN:
SF:src/views/rendimentos-view.tsx
FN:12,(anonymous_0)
FN:13,(anonymous_1)
FN:17,(anonymous_2)
FN:37,(anonymous_3)
FN:38,(anonymous_4)
FN:65,(anonymous_5)
FN:66,(anonymous_6)
FNF:7
FNH:7
FNDA:1,(anonymous_0)
FNDA:1,(anonymous_1)
FNDA:1,(anonymous_2)
FNDA:10,(anonymous_3)
FNDA:16,(anonymous_4)
FNDA:11,(anonymous_5)
FNDA:18,(anonymous_6)
DA:10,1
DA:12,1
DA:13,1
DA:14,1
DA:17,1
DA:18,1
DA:21,1
DA:37,10
DA:38,16
DA:65,11
DA:66,18
DA:82,1
LF:12
LH:12
BRDA:37,0,0,0
BRDA:38,1,0,0
BRDA:65,2,0,0
BRDA:66,3,0,0
BRF:4
BRH:0
end_of_record
TN:
SF:src/views/clientes/checkin-view.tsx
FN:19,(anonymous_0)
FN:28,(anonymous_1)
FN:34,(anonymous_2)
FN:38,(anonymous_3)
FN:65,(anonymous_4)
FN:101,(anonymous_5)
FN:102,(anonymous_6)
FNF:7
FNH:2
FNDA:1,(anonymous_0)
FNDA:1,(anonymous_1)
FNDA:0,(anonymous_2)
FNDA:0,(anonymous_3)
FNDA:0,(anonymous_4)
FNDA:0,(anonymous_5)
FNDA:0,(anonymous_6)
DA:19,1
DA:20,1
DA:21,1
DA:22,1
DA:23,1
DA:24,1
DA:25,1
DA:26,1
DA:28,1
DA:29,1
DA:32,1
DA:34,1
DA:35,0
DA:36,0
DA:37,0
DA:38,0
DA:40,0
DA:41,0
DA:43,0
DA:51,0
DA:54,0
DA:58,0
DA:61,0
DA:65,1
DA:66,0
DA:69,1
DA:101,0
DA:102,0
DA:121,1
DA:122,1
DA:124,1
LF:31
LH:17
BRDA:35,0,0,0
BRDA:35,0,1,0
BRDA:36,1,0,0
BRDA:36,1,1,0
BRDA:36,2,0,0
BRDA:36,2,1,0
BRDA:36,2,2,0
BRDA:36,2,3,0
BRDA:40,3,0,0
BRDA:40,3,1,0
BRF:10
BRH:0
end_of_record
TN:
SF:src/views/clientes/clientes-view.tsx
FN:21,(anonymous_0)
FN:30,(anonymous_1)
FN:33,(anonymous_2)
FN:37,(anonymous_3)
FN:41,(anonymous_4)
FN:49,(anonymous_5)
FN:50,(anonymous_6)
FN:52,(anonymous_7)
FN:71,(anonymous_8)
FN:72,(anonymous_9)
FN:94,(anonymous_10)
FN:96,(anonymous_11)
FNF:12
FNH:2
FNDA:1,(anonymous_0)
FNDA:1,(anonymous_1)
FNDA:0,(anonymous_2)
FNDA:0,(anonymous_3)
FNDA:0,(anonymous_4)
FNDA:0,(anonymous_5)
FNDA:0,(anonymous_6)
FNDA:0,(anonymous_7)
FNDA:0,(anonymous_8)
FNDA:0,(anonymous_9)
FNDA:0,(anonymous_10)
FNDA:0,(anonymous_11)
DA:21,1
DA:22,1
DA:24,1
DA:25,1
DA:26,1
DA:27,1
DA:28,1
DA:30,1
DA:31,1
DA:33,1
DA:34,0
DA:37,1
DA:38,0
DA:41,1
DA:42,0
DA:43,0
DA:44,0
DA:45,0
DA:49,1
DA:50,0
DA:51,0
DA:52,0
DA:53,0
DA:54,0
DA:55,0
DA:56,0
DA:58,0
DA:62,1
DA:71,0
DA:72,0
DA:94,0
DA:96,0
DA:115,1
DA:116,1
DA:118,1
LF:35
LH:17
BRDA:42,0,0,0
BRDA:42,0,1,0
BRDA:51,1,0,0
BRDA:51,1,1,0
BRF:4
BRH:0
end_of_record
TN:
SF:src/views/patios/adicionar-patio-view.tsx
FN:11,AdicionarPatioView
FN:19,onSavePatio
FN:31,(anonymous_2)
FN:48,(anonymous_3)
FN:56,(anonymous_4)
FNF:5
FNH:1
FNDA:1,AdicionarPatioView
FNDA:0,onSavePatio
FNDA:0,(anonymous_2)
FNDA:0,(anonymous_3)
FNDA:0,(anonymous_4)
DA:12,1
DA:13,1
DA:14,1
DA:16,1
DA:17,1
DA:20,0
DA:21,0
DA:30,0
DA:31,0
DA:36,1
DA:48,0
DA:56,0
DA:65,1
DA:66,1
DA:68,1
LF:15
LH:9
BRDA:20,0,0,0
BRDA:20,0,1,0
BRDA:20,1,0,0
BRDA:20,1,1,0
BRDA:20,1,2,0
BRF:5
BRH:0
end_of_record
TN:
SF:src/views/patios/carros-estacionados-view.tsx
FN:10,(anonymous_0)
FN:15,(anonymous_1)
FN:19,(anonymous_2)
FN:37,(anonymous_3)
FNF:4
FNH:2
FNDA:1,(anonymous_0)
FNDA:1,(anonymous_1)
FNDA:0,(anonymous_2)
FNDA:0,(anonymous_3)
DA:10,1
DA:13,1
DA:15,1
DA:16,1
DA:19,1
DA:20,0
DA:30,1
DA:37,0
DA:46,1
LF:9
LH:7
BRF:0
BRH:0
end_of_record
TN:
SF:src/views/patios/patios-view.tsx
FN:20,(anonymous_0)
FN:21,(anonymous_1)
FN:25,(anonymous_2)
FN:31,(anonymous_3)
FN:35,(anonymous_4)
FN:37,(anonymous_5)
FN:45,(anonymous_6)
FN:52,(anonymous_7)
FN:56,(anonymous_8)
FN:67,(anonymous_9)
FN:81,(anonymous_10)
FNF:11
FNH:3
FNDA:1,(anonymous_0)
FNDA:1,(anonymous_1)
FNDA:1,(anonymous_2)
FNDA:0,(anonymous_3)
FNDA:0,(anonymous_4)
FNDA:0,(anonymous_5)
FNDA:0,(anonymous_6)
FNDA:0,(anonymous_7)
FNDA:0,(anonymous_8)
FNDA:0,(anonymous_9)
FNDA:0,(anonymous_10)
DA:20,1
DA:21,1
DA:22,1
DA:24,1
DA:25,1
DA:28,1
DA:29,1
DA:31,1
DA:32,0
DA:35,1
DA:37,1
DA:38,0
DA:46,0
DA:52,1
DA:53,0
DA:56,0
DA:67,0
DA:75,1
DA:81,0
DA:91,1
LF:20
LH:13
BRDA:66,0,0,0
BRDA:66,0,1,0
BRF:2
BRH:0
end_of_record
TN:
SF:src/views/usuarios/adicionar-usuario-view.tsx
FN:10,(anonymous_0)
FN:19,(anonymous_1)
FN:33,(anonymous_2)
FNF:3
FNH:2
FNDA:14,(anonymous_0)
FNDA:3,(anonymous_1)
FNDA:0,(anonymous_2)
DA:10,1
DA:11,14
DA:12,14
DA:13,14
DA:14,14
DA:15,14
DA:17,14
DA:19,14
DA:20,3
DA:21,2
DA:30,2
DA:34,0
DA:41,14
DA:93,1
DA:94,1
DA:96,1
LF:16
LH:15
BRDA:20,0,0,2
BRDA:20,0,1,1
BRDA:20,1,0,3
BRDA:20,1,1,3
BRDA:20,1,2,2
BRDA:26,2,0,1
BRDA:26,2,1,1
BRDA:79,3,0,1
BRDA:79,3,1,13
BRF:9
BRH:9
end_of_record
TN:
SF:src/views/usuarios/usuarios-view.tsx
FN:22,(anonymous_0)
FN:26,(anonymous_1)
FN:30,(anonymous_2)
FN:38,(anonymous_3)
FN:45,(anonymous_4)
FN:49,(anonymous_5)
FN:56,(anonymous_6)
FN:70,(anonymous_7)
FNF:8
FNH:4
FNDA:1,(anonymous_0)
FNDA:1,(anonymous_1)
FNDA:0,(anonymous_2)
FNDA:0,(anonymous_3)
FNDA:0,(anonymous_4)
FNDA:1,(anonymous_5)
FNDA:0,(anonymous_6)
FNDA:1,(anonymous_7)
DA:22,1
DA:23,1
DA:24,1
DA:26,1
DA:27,1
DA:30,1
DA:31,0
DA:39,0
DA:45,1
DA:46,0
DA:49,1
DA:50,1
DA:56,0
DA:63,1
DA:70,1
DA:78,1
LF:16
LH:12
BRF:0
BRH:0
end_of_record
